<?xml version="1.0" encoding="UTF-8"?>
<testsuite name="Tests" tests="1" skipped="0" failures="0" errors="0" timestamp="2019-10-23T16:53:03" hostname="Capella.local" time="0.019">
  <properties/>
  <testcase name="staticTests" classname="Tests" time="0.019"/>
  <system-out><![CDATA[no one likes this
Peter likes this
Jacob and Alex like this
Max, John and Mark like this
Alex, Jacob and 2 others like this
Brian, Marilyn and 98 others like this
]]></system-out>
  <system-err><![CDATA[]]></system-err>
</testsuite>
